2.8591 	INFO 	Screen res set as: 1920x1080
2.8602 	INFO 	Loaded monitor calibration from ['2019_07_24 13:48']
4.2705 	EXP 	Created window1 = Window(allowGUI=True, allowStencil=False, args=UNKNOWN, autoLog=True, bitsMode=UNKNOWN, blendMode='avg', color='grey', colorSpace='named', fullscr=<method-wrapper '__getattribute__' of attributeSetter object at 0x00000258F14FAF60>, gamma=None, kwargs=UNKNOWN, lms=UNKNOWN, monitor=<psychopy.monitors.calibTools.Monitor object at 0x00000258F19CB0F0>, multiSample=False, name='window1', numSamples=2, pos=[0.0, 0.0], screen=0, size=array([1920, 1080]), stereo=False, units='pix', useFBO=False, useRetina=False, viewOri=0.0, viewPos=None, viewScale=None, waitBlanking=True, winType='pyglet')
4.2706 	INFO 	Detected framerate: 60 frames per sec.
4.2887 	EXP 	Created unnamed ImageStim = ImageStim(__class__=<class 'psychopy.visual.image.ImageStim'>, autoLog=True, color=array([1., 1., 1.]), colorSpace='rgb', contrast=1.0, depth=0, flipHoriz=False, flipVert=False, image='images\\clock.png', interpolate=True, mask=None, maskParams=None, name='unnamed ImageStim', opacity=1.0, ori=0.0, pos=array([  0., 490.]), size=array([80., 80.]), texRes=128, units='pix', win=Window(...))
4.2887 	INFO 	Mouse: using default window
4.3962 	EXP 	Created unnamed TextStim = TextStim(__class__=<class 'psychopy.visual.text.TextStim'>, alignHoriz='center', alignVert='center', antialias=True, autoLog=True, bold=False, color='black', colorSpace='named', contrast=1.0, depth=0, flipHoriz=False, flipVert=False, font='Arial', fontFiles=[], height=32, italic=False, languageStyle='LTR', name='unnamed TextStim', opacity=1.0, ori=0.0, pos=array([  0., 300.]), rgb=array([0., 0., 0.]), text='Rób coś, klikaj coś', units='pix', win=Window(...), wrapWidth=1920)
4.5856 	EXP 	Created unnamed TextStim = TextStim(__class__=<class 'psychopy.visual.text.TextStim'>, alignHoriz='center', alignVert='center', antialias=True, autoLog=True, bold=False, color='black', colorSpace='named', contrast=1.0, depth=0, flipHoriz=False, flipVert=False, font='Arial', fontFiles=[], height=32, italic=False, languageStyle='LTR', name='unnamed TextStim', opacity=1.0, ori=0.0, pos=array([0., 0.]), rgb=array([0., 0., 0.]), text=str(...), units='pix', win=Window(...), wrapWidth=1920)
5.8403 	DATA 	Keypress: space
5.8526 	EXP 	Created unnamed TextStim = TextStim(__class__=<class 'psychopy.visual.text.TextStim'>, alignHoriz='center', alignVert='center', antialias=True, autoLog=True, bold=False, color='black', colorSpace='named', contrast=1.0, depth=0, flipHoriz=False, flipVert=False, font='Arial', fontFiles=[], height=32, italic=False, languageStyle='LTR', name='unnamed TextStim', opacity=1.0, ori=0.0, pos=array([  0., 200.]), rgb=array([0., 0., 0.]), text='RÓŻA', units='pix', win=Window(...), wrapWidth=500)
5.8590 	EXP 	Created unnamed TextStim = TextStim(__class__=<class 'psychopy.visual.text.TextStim'>, alignHoriz='center', alignVert='center', antialias=True, autoLog=True, bold=False, color=array([1., 1., 1.]), colorSpace='rgb', contrast=1.0, depth=0, flipHoriz=False, flipVert=False, font='Arial', fontFiles=[], height=32, italic=False, languageStyle='LTR', name='unnamed TextStim', opacity=1.0, ori=0.0, pos=array([0., 0.]), rgb=array([1., 1., 1.]), text='KOTLET', units='pix', win=Window(...), wrapWidth=500)
5.8631 	EXP 	Created unnamed TextStim = TextStim(__class__=<class 'psychopy.visual.text.TextStim'>, alignHoriz='center', alignVert='center', antialias=True, autoLog=True, bold=False, color=array([1., 1., 1.]), colorSpace='rgb', contrast=1.0, depth=0, flipHoriz=False, flipVert=False, font='Arial', fontFiles=[], height=32, italic=False, languageStyle='LTR', name='unnamed TextStim', opacity=1.0, ori=0.0, pos=array([0., 0.]), rgb=array([1., 1., 1.]), text='RADOM', units='pix', win=Window(...), wrapWidth=500)
5.8663 	EXP 	Created unnamed TextStim = TextStim(__class__=<class 'psychopy.visual.text.TextStim'>, alignHoriz='center', alignVert='center', antialias=True, autoLog=True, bold=False, color=array([1., 1., 1.]), colorSpace='rgb', contrast=1.0, depth=0, flipHoriz=False, flipVert=False, font='Arial', fontFiles=[], height=32, italic=False, languageStyle='LTR', name='unnamed TextStim', opacity=1.0, ori=0.0, pos=array([0., 0.]), rgb=array([1., 1., 1.]), text='BARBARA', units='pix', win=Window(...), wrapWidth=500)
5.8686 	EXP 	Created unnamed TextStim = TextStim(__class__=<class 'psychopy.visual.text.TextStim'>, alignHoriz='center', alignVert='center', antialias=True, autoLog=True, bold=False, color=array([1., 1., 1.]), colorSpace='rgb', contrast=1.0, depth=0, flipHoriz=False, flipVert=False, font='Arial', fontFiles=[], height=32, italic=False, languageStyle='LTR', name='unnamed TextStim', opacity=1.0, ori=0.0, pos=array([0., 0.]), rgb=array([1., 1., 1.]), text='DZIK', units='pix', win=Window(...), wrapWidth=500)
5.8713 	EXP 	Created unnamed TextStim = TextStim(__class__=<class 'psychopy.visual.text.TextStim'>, alignHoriz='center', alignVert='center', antialias=True, autoLog=True, bold=False, color='black', colorSpace='named', contrast=1.0, depth=0, flipHoriz=False, flipVert=False, font='Arial', fontFiles=[], height=32, italic=False, languageStyle='LTR', name='unnamed TextStim', opacity=1.0, ori=0.0, pos=array([-335.5,  -50. ]), rgb=array([0., 0., 0.]), text='KOTLET', units='pix', win=Window(...), wrapWidth=500)
5.8729 	EXP 	Created unnamed Rect = Rect(__class__=<class 'psychopy.visual.rect.Rect'>, autoDraw=False, autoLog=True, closeShape=True, color=method-wrapper(...), colorSpace=None, contrast=1.0, depth=0, fillColor=None, fillColorSpace='rgb', fillRGB=None, interpolate=True, lineColor='black', lineColorSpace='named', lineRGB=array([0., 0., 0.]), lineWidth=2, name='unnamed Rect', opacity=1.0, ori=array(0.), pos=array([-335.5,  -50. ]), size=array([1., 1.]), units='pix', vertices=ndarray(...), win=Window(...))
5.8754 	EXP 	Created unnamed TextStim = TextStim(__class__=<class 'psychopy.visual.text.TextStim'>, alignHoriz='center', alignVert='center', antialias=True, autoLog=True, bold=False, color='black', colorSpace='named', contrast=1.0, depth=0, flipHoriz=False, flipVert=False, font='Arial', fontFiles=[], height=32, italic=False, languageStyle='LTR', name='unnamed TextStim', opacity=1.0, ori=0.0, pos=array([-111.,  -50.]), rgb=array([0., 0., 0.]), text='RADOM', units='pix', win=Window(...), wrapWidth=500)
5.8760 	EXP 	Created unnamed Rect = Rect(__class__=<class 'psychopy.visual.rect.Rect'>, autoDraw=False, autoLog=True, closeShape=True, color=method-wrapper(...), colorSpace=None, contrast=1.0, depth=0, fillColor=None, fillColorSpace='rgb', fillRGB=None, interpolate=True, lineColor='black', lineColorSpace='named', lineRGB=array([0., 0., 0.]), lineWidth=2, name='unnamed Rect', opacity=1.0, ori=array(0.), pos=array([-111.,  -50.]), size=array([1., 1.]), units='pix', vertices=ndarray(...), win=Window(...))
5.8785 	EXP 	Created unnamed TextStim = TextStim(__class__=<class 'psychopy.visual.text.TextStim'>, alignHoriz='center', alignVert='center', antialias=True, autoLog=True, bold=False, color='black', colorSpace='named', contrast=1.0, depth=0, flipHoriz=False, flipVert=False, font='Arial', fontFiles=[], height=32, italic=False, languageStyle='LTR', name='unnamed TextStim', opacity=1.0, ori=0.0, pos=array([129., -50.]), rgb=array([0., 0., 0.]), text='BARBARA', units='pix', win=Window(...), wrapWidth=500)
5.8791 	EXP 	Created unnamed Rect = Rect(__class__=<class 'psychopy.visual.rect.Rect'>, autoDraw=False, autoLog=True, closeShape=True, color=method-wrapper(...), colorSpace=None, contrast=1.0, depth=0, fillColor=None, fillColorSpace='rgb', fillRGB=None, interpolate=True, lineColor='black', lineColorSpace='named', lineRGB=array([0., 0., 0.]), lineWidth=2, name='unnamed Rect', opacity=1.0, ori=array(0.), pos=array([129., -50.]), size=array([1., 1.]), units='pix', vertices=ndarray(...), win=Window(...))
5.8812 	EXP 	Created unnamed TextStim = TextStim(__class__=<class 'psychopy.visual.text.TextStim'>, alignHoriz='center', alignVert='center', antialias=True, autoLog=True, bold=False, color='black', colorSpace='named', contrast=1.0, depth=0, flipHoriz=False, flipVert=False, font='Arial', fontFiles=[], height=32, italic=False, languageStyle='LTR', name='unnamed TextStim', opacity=1.0, ori=0.0, pos=array([345.5, -50. ]), rgb=array([0., 0., 0.]), text='DZIK', units='pix', win=Window(...), wrapWidth=500)
5.8817 	EXP 	Created unnamed Rect = Rect(__class__=<class 'psychopy.visual.rect.Rect'>, autoDraw=False, autoLog=True, closeShape=True, color=method-wrapper(...), colorSpace=None, contrast=1.0, depth=0, fillColor=None, fillColorSpace='rgb', fillRGB=None, interpolate=True, lineColor='black', lineColorSpace='named', lineRGB=array([0., 0., 0.]), lineWidth=2, name='unnamed Rect', opacity=1.0, ori=array(0.), pos=array([345.5, -50. ]), size=array([1., 1.]), units='pix', vertices=ndarray(...), win=Window(...))
5.8870 	EXP 	unnamed TextStim: autoDraw = True
5.8870 	EXP 	unnamed TextStim: autoDraw = True
5.8870 	EXP 	unnamed TextStim: autoDraw = True
5.8870 	EXP 	unnamed TextStim: autoDraw = True
5.8870 	EXP 	unnamed TextStim: autoDraw = True
5.8870 	EXP 	unnamed TextStim: autoDraw = True
10.9180 	EXP 	unnamed ImageStim: autoDraw = False
10.9180 	EXP 	unnamed TextStim: autoDraw = False
10.9180 	EXP 	unnamed TextStim: autoDraw = False
10.9180 	EXP 	unnamed TextStim: autoDraw = False
10.9180 	EXP 	unnamed TextStim: autoDraw = False
10.9180 	EXP 	unnamed TextStim: autoDraw = False
10.9180 	EXP 	unnamed TextStim: autoDraw = False
12.9296 	EXP 	Created unnamed TextStim = TextStim(__class__=<class 'psychopy.visual.text.TextStim'>, alignHoriz='center', alignVert='center', antialias=True, autoLog=True, bold=False, color='black', colorSpace='named', contrast=1.0, depth=0, flipHoriz=False, flipVert=False, font='Arial', fontFiles=[], height=32, italic=False, languageStyle='LTR', name='unnamed TextStim', opacity=1.0, ori=0.0, pos=array([  0., 200.]), rgb=array([0., 0., 0.]), text='DAGMARA', units='pix', win=Window(...), wrapWidth=500)
12.9359 	EXP 	Created unnamed TextStim = TextStim(__class__=<class 'psychopy.visual.text.TextStim'>, alignHoriz='center', alignVert='center', antialias=True, autoLog=True, bold=False, color=array([1., 1., 1.]), colorSpace='rgb', contrast=1.0, depth=0, flipHoriz=False, flipVert=False, font='Arial', fontFiles=[], height=32, italic=False, languageStyle='LTR', name='unnamed TextStim', opacity=1.0, ori=0.0, pos=array([0., 0.]), rgb=array([1., 1., 1.]), text='ĆMIELÓW', units='pix', win=Window(...), wrapWidth=500)
12.9401 	EXP 	Created unnamed TextStim = TextStim(__class__=<class 'psychopy.visual.text.TextStim'>, alignHoriz='center', alignVert='center', antialias=True, autoLog=True, bold=False, color=array([1., 1., 1.]), colorSpace='rgb', contrast=1.0, depth=0, flipHoriz=False, flipVert=False, font='Arial', fontFiles=[], height=32, italic=False, languageStyle='LTR', name='unnamed TextStim', opacity=1.0, ori=0.0, pos=array([0., 0.]), rgb=array([1., 1., 1.]), text='DZIK', units='pix', win=Window(...), wrapWidth=500)
12.9434 	EXP 	Created unnamed TextStim = TextStim(__class__=<class 'psychopy.visual.text.TextStim'>, alignHoriz='center', alignVert='center', antialias=True, autoLog=True, bold=False, color=array([1., 1., 1.]), colorSpace='rgb', contrast=1.0, depth=0, flipHoriz=False, flipVert=False, font='Arial', fontFiles=[], height=32, italic=False, languageStyle='LTR', name='unnamed TextStim', opacity=1.0, ori=0.0, pos=array([0., 0.]), rgb=array([1., 1., 1.]), text='BATON', units='pix', win=Window(...), wrapWidth=500)
12.9480 	EXP 	Created unnamed TextStim = TextStim(__class__=<class 'psychopy.visual.text.TextStim'>, alignHoriz='center', alignVert='center', antialias=True, autoLog=True, bold=False, color=array([1., 1., 1.]), colorSpace='rgb', contrast=1.0, depth=0, flipHoriz=False, flipVert=False, font='Arial', fontFiles=[], height=32, italic=False, languageStyle='LTR', name='unnamed TextStim', opacity=1.0, ori=0.0, pos=array([0., 0.]), rgb=array([1., 1., 1.]), text='JAŚMIN', units='pix', win=Window(...), wrapWidth=500)
12.9509 	EXP 	Created unnamed TextStim = TextStim(__class__=<class 'psychopy.visual.text.TextStim'>, alignHoriz='center', alignVert='center', antialias=True, autoLog=True, bold=False, color='black', colorSpace='named', contrast=1.0, depth=0, flipHoriz=False, flipVert=False, font='Arial', fontFiles=[], height=32, italic=False, languageStyle='LTR', name='unnamed TextStim', opacity=1.0, ori=0.0, pos=array([-303.,  -50.]), rgb=array([0., 0., 0.]), text='ĆMIELÓW', units='pix', win=Window(...), wrapWidth=500)
12.9515 	EXP 	Created unnamed Rect = Rect(__class__=<class 'psychopy.visual.rect.Rect'>, autoDraw=False, autoLog=True, closeShape=True, color=method-wrapper(...), colorSpace=None, contrast=1.0, depth=0, fillColor=None, fillColorSpace='rgb', fillRGB=None, interpolate=True, lineColor='black', lineColorSpace='named', lineRGB=array([0., 0., 0.]), lineWidth=2, name='unnamed Rect', opacity=1.0, ori=array(0.), pos=array([-303.,  -50.]), size=array([1., 1.]), units='pix', vertices=ndarray(...), win=Window(...))
12.9536 	EXP 	Created unnamed TextStim = TextStim(__class__=<class 'psychopy.visual.text.TextStim'>, alignHoriz='center', alignVert='center', antialias=True, autoLog=True, bold=False, color='black', colorSpace='named', contrast=1.0, depth=0, flipHoriz=False, flipVert=False, font='Arial', fontFiles=[], height=32, italic=False, languageStyle='LTR', name='unnamed TextStim', opacity=1.0, ori=0.0, pos=array([-87.5, -50. ]), rgb=array([0., 0., 0.]), text='DZIK', units='pix', win=Window(...), wrapWidth=500)
12.9542 	EXP 	Created unnamed Rect = Rect(__class__=<class 'psychopy.visual.rect.Rect'>, autoDraw=False, autoLog=True, closeShape=True, color=method-wrapper(...), colorSpace=None, contrast=1.0, depth=0, fillColor=None, fillColorSpace='rgb', fillRGB=None, interpolate=True, lineColor='black', lineColorSpace='named', lineRGB=array([0., 0., 0.]), lineWidth=2, name='unnamed Rect', opacity=1.0, ori=array(0.), pos=array([-87.5, -50. ]), size=array([1., 1.]), units='pix', vertices=ndarray(...), win=Window(...))
12.9568 	EXP 	Created unnamed TextStim = TextStim(__class__=<class 'psychopy.visual.text.TextStim'>, alignHoriz='center', alignVert='center', antialias=True, autoLog=True, bold=False, color='black', colorSpace='named', contrast=1.0, depth=0, flipHoriz=False, flipVert=False, font='Arial', fontFiles=[], height=32, italic=False, languageStyle='LTR', name='unnamed TextStim', opacity=1.0, ori=0.0, pos=array([106.5, -50. ]), rgb=array([0., 0., 0.]), text='BATON', units='pix', win=Window(...), wrapWidth=500)
12.9574 	EXP 	Created unnamed Rect = Rect(__class__=<class 'psychopy.visual.rect.Rect'>, autoDraw=False, autoLog=True, closeShape=True, color=method-wrapper(...), colorSpace=None, contrast=1.0, depth=0, fillColor=None, fillColorSpace='rgb', fillRGB=None, interpolate=True, lineColor='black', lineColorSpace='named', lineRGB=array([0., 0., 0.]), lineWidth=2, name='unnamed Rect', opacity=1.0, ori=array(0.), pos=array([106.5, -50. ]), size=array([1., 1.]), units='pix', vertices=ndarray(...), win=Window(...))
12.9890 	EXP 	Created unnamed TextStim = TextStim(__class__=<class 'psychopy.visual.text.TextStim'>, alignHoriz='center', alignVert='center', antialias=True, autoLog=True, bold=False, color='black', colorSpace='named', contrast=1.0, depth=0, flipHoriz=False, flipVert=False, font='Arial', fontFiles=[], height=32, italic=False, languageStyle='LTR', name='unnamed TextStim', opacity=1.0, ori=0.0, pos=array([323., -50.]), rgb=array([0., 0., 0.]), text='JAŚMIN', units='pix', win=Window(...), wrapWidth=500)
12.9896 	EXP 	Created unnamed Rect = Rect(__class__=<class 'psychopy.visual.rect.Rect'>, autoDraw=False, autoLog=True, closeShape=True, color=method-wrapper(...), colorSpace=None, contrast=1.0, depth=0, fillColor=None, fillColorSpace='rgb', fillRGB=None, interpolate=True, lineColor='black', lineColorSpace='named', lineRGB=array([0., 0., 0.]), lineWidth=2, name='unnamed Rect', opacity=1.0, ori=array(0.), pos=array([323., -50.]), size=array([1., 1.]), units='pix', vertices=ndarray(...), win=Window(...))
12.9943 	EXP 	unnamed TextStim: autoDraw = True
12.9943 	EXP 	unnamed TextStim: autoDraw = True
12.9943 	EXP 	unnamed TextStim: autoDraw = True
12.9943 	EXP 	unnamed TextStim: autoDraw = True
12.9943 	EXP 	unnamed TextStim: autoDraw = True
12.9943 	EXP 	unnamed TextStim: autoDraw = True
15.8173 	DATA 	Mouse: Left button down, pos=(873,488)
15.8501 	EXP 	unnamed ImageStim: autoDraw = False
15.8501 	EXP 	unnamed TextStim: autoDraw = False
15.8501 	EXP 	unnamed TextStim: autoDraw = False
15.8501 	EXP 	unnamed TextStim: autoDraw = False
15.8501 	EXP 	unnamed TextStim: autoDraw = False
15.8501 	EXP 	unnamed TextStim: autoDraw = False
15.8501 	EXP 	unnamed TextStim: autoDraw = False
17.8560 	EXP 	Created unnamed TextStim = TextStim(__class__=<class 'psychopy.visual.text.TextStim'>, alignHoriz='center', alignVert='center', antialias=True, autoLog=True, bold=False, color='black', colorSpace='named', contrast=1.0, depth=0, flipHoriz=False, flipVert=False, font='Arial', fontFiles=[], height=32, italic=False, languageStyle='LTR', name='unnamed TextStim', opacity=1.0, ori=0.0, pos=array([  0., 200.]), rgb=array([0., 0., 0.]), text='LIPA', units='pix', win=Window(...), wrapWidth=500)
17.8589 	EXP 	Created unnamed TextStim = TextStim(__class__=<class 'psychopy.visual.text.TextStim'>, alignHoriz='center', alignVert='center', antialias=True, autoLog=True, bold=False, color=array([1., 1., 1.]), colorSpace='rgb', contrast=1.0, depth=0, flipHoriz=False, flipVert=False, font='Arial', fontFiles=[], height=32, italic=False, languageStyle='LTR', name='unnamed TextStim', opacity=1.0, ori=0.0, pos=array([0., 0.]), rgb=array([1., 1., 1.]), text='LUIZA', units='pix', win=Window(...), wrapWidth=500)
17.8627 	EXP 	Created unnamed TextStim = TextStim(__class__=<class 'psychopy.visual.text.TextStim'>, alignHoriz='center', alignVert='center', antialias=True, autoLog=True, bold=False, color=array([1., 1., 1.]), colorSpace='rgb', contrast=1.0, depth=0, flipHoriz=False, flipVert=False, font='Arial', fontFiles=[], height=32, italic=False, languageStyle='LTR', name='unnamed TextStim', opacity=1.0, ori=0.0, pos=array([0., 0.]), rgb=array([1., 1., 1.]), text='LODY', units='pix', win=Window(...), wrapWidth=500)
17.8659 	EXP 	Created unnamed TextStim = TextStim(__class__=<class 'psychopy.visual.text.TextStim'>, alignHoriz='center', alignVert='center', antialias=True, autoLog=True, bold=False, color=array([1., 1., 1.]), colorSpace='rgb', contrast=1.0, depth=0, flipHoriz=False, flipVert=False, font='Arial', fontFiles=[], height=32, italic=False, languageStyle='LTR', name='unnamed TextStim', opacity=1.0, ori=0.0, pos=array([0., 0.]), rgb=array([1., 1., 1.]), text='KRAKÓW', units='pix', win=Window(...), wrapWidth=500)
17.8689 	EXP 	Created unnamed TextStim = TextStim(__class__=<class 'psychopy.visual.text.TextStim'>, alignHoriz='center', alignVert='center', antialias=True, autoLog=True, bold=False, color=array([1., 1., 1.]), colorSpace='rgb', contrast=1.0, depth=0, flipHoriz=False, flipVert=False, font='Arial', fontFiles=[], height=32, italic=False, languageStyle='LTR', name='unnamed TextStim', opacity=1.0, ori=0.0, pos=array([0., 0.]), rgb=array([1., 1., 1.]), text='PINGWIN', units='pix', win=Window(...), wrapWidth=500)
17.8716 	EXP 	Created unnamed TextStim = TextStim(__class__=<class 'psychopy.visual.text.TextStim'>, alignHoriz='center', alignVert='center', antialias=True, autoLog=True, bold=False, color='black', colorSpace='named', contrast=1.0, depth=0, flipHoriz=False, flipVert=False, font='Arial', fontFiles=[], height=32, italic=False, languageStyle='LTR', name='unnamed TextStim', opacity=1.0, ori=0.0, pos=array([-285.5,  -50. ]), rgb=array([0., 0., 0.]), text='LUIZA', units='pix', win=Window(...), wrapWidth=500)
17.8723 	EXP 	Created unnamed Rect = Rect(__class__=<class 'psychopy.visual.rect.Rect'>, autoDraw=False, autoLog=True, closeShape=True, color=method-wrapper(...), colorSpace=None, contrast=1.0, depth=0, fillColor=None, fillColorSpace='rgb', fillRGB=None, interpolate=True, lineColor='black', lineColorSpace='named', lineRGB=array([0., 0., 0.]), lineWidth=2, name='unnamed Rect', opacity=1.0, ori=array(0.), pos=array([-285.5,  -50. ]), size=array([1., 1.]), units='pix', vertices=ndarray(...), win=Window(...))
17.8747 	EXP 	Created unnamed TextStim = TextStim(__class__=<class 'psychopy.visual.text.TextStim'>, alignHoriz='center', alignVert='center', antialias=True, autoLog=True, bold=False, color='black', colorSpace='named', contrast=1.0, depth=0, flipHoriz=False, flipVert=False, font='Arial', fontFiles=[], height=32, italic=False, languageStyle='LTR', name='unnamed TextStim', opacity=1.0, ori=0.0, pos=array([-94.5, -50. ]), rgb=array([0., 0., 0.]), text='LODY', units='pix', win=Window(...), wrapWidth=500)
17.8752 	EXP 	Created unnamed Rect = Rect(__class__=<class 'psychopy.visual.rect.Rect'>, autoDraw=False, autoLog=True, closeShape=True, color=method-wrapper(...), colorSpace=None, contrast=1.0, depth=0, fillColor=None, fillColorSpace='rgb', fillRGB=None, interpolate=True, lineColor='black', lineColorSpace='named', lineRGB=array([0., 0., 0.]), lineWidth=2, name='unnamed Rect', opacity=1.0, ori=array(0.), pos=array([-94.5, -50. ]), size=array([1., 1.]), units='pix', vertices=ndarray(...), win=Window(...))
17.8779 	EXP 	Created unnamed TextStim = TextStim(__class__=<class 'psychopy.visual.text.TextStim'>, alignHoriz='center', alignVert='center', antialias=True, autoLog=True, bold=False, color='black', colorSpace='named', contrast=1.0, depth=0, flipHoriz=False, flipVert=False, font='Arial', fontFiles=[], height=32, italic=False, languageStyle='LTR', name='unnamed TextStim', opacity=1.0, ori=0.0, pos=array([123., -50.]), rgb=array([0., 0., 0.]), text='KRAKÓW', units='pix', win=Window(...), wrapWidth=500)
17.8785 	EXP 	Created unnamed Rect = Rect(__class__=<class 'psychopy.visual.rect.Rect'>, autoDraw=False, autoLog=True, closeShape=True, color=method-wrapper(...), colorSpace=None, contrast=1.0, depth=0, fillColor=None, fillColorSpace='rgb', fillRGB=None, interpolate=True, lineColor='black', lineColorSpace='named', lineRGB=array([0., 0., 0.]), lineWidth=2, name='unnamed Rect', opacity=1.0, ori=array(0.), pos=array([123., -50.]), size=array([1., 1.]), units='pix', vertices=ndarray(...), win=Window(...))
17.8816 	EXP 	Created unnamed TextStim = TextStim(__class__=<class 'psychopy.visual.text.TextStim'>, alignHoriz='center', alignVert='center', antialias=True, autoLog=True, bold=False, color='black', colorSpace='named', contrast=1.0, depth=0, flipHoriz=False, flipVert=False, font='Arial', fontFiles=[], height=32, italic=False, languageStyle='LTR', name='unnamed TextStim', opacity=1.0, ori=0.0, pos=array([368., -50.]), rgb=array([0., 0., 0.]), text='PINGWIN', units='pix', win=Window(...), wrapWidth=500)
17.8823 	EXP 	Created unnamed Rect = Rect(__class__=<class 'psychopy.visual.rect.Rect'>, autoDraw=False, autoLog=True, closeShape=True, color=method-wrapper(...), colorSpace=None, contrast=1.0, depth=0, fillColor=None, fillColorSpace='rgb', fillRGB=None, interpolate=True, lineColor='black', lineColorSpace='named', lineRGB=array([0., 0., 0.]), lineWidth=2, name='unnamed Rect', opacity=1.0, ori=array(0.), pos=array([368., -50.]), size=array([1., 1.]), units='pix', vertices=ndarray(...), win=Window(...))
17.8845 	DATA 	Mouse:  Left button up, pos=(873,488)
17.8870 	EXP 	unnamed TextStim: autoDraw = True
17.8870 	EXP 	unnamed TextStim: autoDraw = True
17.8870 	EXP 	unnamed TextStim: autoDraw = True
17.8870 	EXP 	unnamed TextStim: autoDraw = True
17.8870 	EXP 	unnamed TextStim: autoDraw = True
17.8870 	EXP 	unnamed TextStim: autoDraw = True
21.1662 	DATA 	Mouse: Left button down, pos=(677,483)
21.1998 	EXP 	unnamed ImageStim: autoDraw = False
21.1998 	EXP 	unnamed TextStim: autoDraw = False
21.1998 	EXP 	unnamed TextStim: autoDraw = False
21.1998 	EXP 	unnamed TextStim: autoDraw = False
21.1998 	EXP 	unnamed TextStim: autoDraw = False
21.1998 	EXP 	unnamed TextStim: autoDraw = False
21.1998 	EXP 	unnamed TextStim: autoDraw = False
23.2071 	EXP 	Created unnamed TextStim = TextStim(__class__=<class 'psychopy.visual.text.TextStim'>, alignHoriz='center', alignVert='center', antialias=True, autoLog=True, bold=False, color='black', colorSpace='named', contrast=1.0, depth=0, flipHoriz=False, flipVert=False, font='Arial', fontFiles=[], height=32, italic=False, languageStyle='LTR', name='unnamed TextStim', opacity=1.0, ori=0.0, pos=array([  0., 200.]), rgb=array([0., 0., 0.]), text='GDYNIA', units='pix', win=Window(...), wrapWidth=500)
23.2122 	EXP 	Created unnamed TextStim = TextStim(__class__=<class 'psychopy.visual.text.TextStim'>, alignHoriz='center', alignVert='center', antialias=True, autoLog=True, bold=False, color=array([1., 1., 1.]), colorSpace='rgb', contrast=1.0, depth=0, flipHoriz=False, flipVert=False, font='Arial', fontFiles=[], height=32, italic=False, languageStyle='LTR', name='unnamed TextStim', opacity=1.0, ori=0.0, pos=array([0., 0.]), rgb=array([1., 1., 1.]), text='CHOMIK', units='pix', win=Window(...), wrapWidth=500)
23.2157 	EXP 	Created unnamed TextStim = TextStim(__class__=<class 'psychopy.visual.text.TextStim'>, alignHoriz='center', alignVert='center', antialias=True, autoLog=True, bold=False, color=array([1., 1., 1.]), colorSpace='rgb', contrast=1.0, depth=0, flipHoriz=False, flipVert=False, font='Arial', fontFiles=[], height=32, italic=False, languageStyle='LTR', name='unnamed TextStim', opacity=1.0, ori=0.0, pos=array([0., 0.]), rgb=array([1., 1., 1.]), text='CECYLIA', units='pix', win=Window(...), wrapWidth=500)
23.2196 	EXP 	Created unnamed TextStim = TextStim(__class__=<class 'psychopy.visual.text.TextStim'>, alignHoriz='center', alignVert='center', antialias=True, autoLog=True, bold=False, color=array([1., 1., 1.]), colorSpace='rgb', contrast=1.0, depth=0, flipHoriz=False, flipVert=False, font='Arial', fontFiles=[], height=32, italic=False, languageStyle='LTR', name='unnamed TextStim', opacity=1.0, ori=0.0, pos=array([0., 0.]), rgb=array([1., 1., 1.]), text='GŁÓG', units='pix', win=Window(...), wrapWidth=500)
23.2226 	EXP 	Created unnamed TextStim = TextStim(__class__=<class 'psychopy.visual.text.TextStim'>, alignHoriz='center', alignVert='center', antialias=True, autoLog=True, bold=False, color=array([1., 1., 1.]), colorSpace='rgb', contrast=1.0, depth=0, flipHoriz=False, flipVert=False, font='Arial', fontFiles=[], height=32, italic=False, languageStyle='LTR', name='unnamed TextStim', opacity=1.0, ori=0.0, pos=array([0., 0.]), rgb=array([1., 1., 1.]), text='KASZA', units='pix', win=Window(...), wrapWidth=500)
23.2254 	EXP 	Created unnamed TextStim = TextStim(__class__=<class 'psychopy.visual.text.TextStim'>, alignHoriz='center', alignVert='center', antialias=True, autoLog=True, bold=False, color='black', colorSpace='named', contrast=1.0, depth=0, flipHoriz=False, flipVert=False, font='Arial', fontFiles=[], height=32, italic=False, languageStyle='LTR', name='unnamed TextStim', opacity=1.0, ori=0.0, pos=array([-356.5,  -50. ]), rgb=array([0., 0., 0.]), text='CHOMIK', units='pix', win=Window(...), wrapWidth=500)
23.2260 	EXP 	Created unnamed Rect = Rect(__class__=<class 'psychopy.visual.rect.Rect'>, autoDraw=False, autoLog=True, closeShape=True, color=method-wrapper(...), colorSpace=None, contrast=1.0, depth=0, fillColor=None, fillColorSpace='rgb', fillRGB=None, interpolate=True, lineColor='black', lineColorSpace='named', lineRGB=array([0., 0., 0.]), lineWidth=2, name='unnamed Rect', opacity=1.0, ori=array(0.), pos=array([-356.5,  -50. ]), size=array([1., 1.]), units='pix', vertices=ndarray(...), win=Window(...))
23.2289 	EXP 	Created unnamed TextStim = TextStim(__class__=<class 'psychopy.visual.text.TextStim'>, alignHoriz='center', alignVert='center', antialias=True, autoLog=True, bold=False, color='black', colorSpace='named', contrast=1.0, depth=0, flipHoriz=False, flipVert=False, font='Arial', fontFiles=[], height=32, italic=False, languageStyle='LTR', name='unnamed TextStim', opacity=1.0, ori=0.0, pos=array([-120.5,  -50. ]), rgb=array([0., 0., 0.]), text='CECYLIA', units='pix', win=Window(...), wrapWidth=500)
23.2295 	EXP 	Created unnamed Rect = Rect(__class__=<class 'psychopy.visual.rect.Rect'>, autoDraw=False, autoLog=True, closeShape=True, color=method-wrapper(...), colorSpace=None, contrast=1.0, depth=0, fillColor=None, fillColorSpace='rgb', fillRGB=None, interpolate=True, lineColor='black', lineColorSpace='named', lineRGB=array([0., 0., 0.]), lineWidth=2, name='unnamed Rect', opacity=1.0, ori=array(0.), pos=array([-120.5,  -50. ]), size=array([1., 1.]), units='pix', vertices=ndarray(...), win=Window(...))
23.2318 	EXP 	Created unnamed TextStim = TextStim(__class__=<class 'psychopy.visual.text.TextStim'>, alignHoriz='center', alignVert='center', antialias=True, autoLog=True, bold=False, color='black', colorSpace='named', contrast=1.0, depth=0, flipHoriz=False, flipVert=False, font='Arial', fontFiles=[], height=32, italic=False, languageStyle='LTR', name='unnamed TextStim', opacity=1.0, ori=0.0, pos=array([ 96.5, -50. ]), rgb=array([0., 0., 0.]), text='GŁÓG', units='pix', win=Window(...), wrapWidth=500)
23.2323 	EXP 	Created unnamed Rect = Rect(__class__=<class 'psychopy.visual.rect.Rect'>, autoDraw=False, autoLog=True, closeShape=True, color=method-wrapper(...), colorSpace=None, contrast=1.0, depth=0, fillColor=None, fillColorSpace='rgb', fillRGB=None, interpolate=True, lineColor='black', lineColorSpace='named', lineRGB=array([0., 0., 0.]), lineWidth=2, name='unnamed Rect', opacity=1.0, ori=array(0.), pos=array([ 96.5, -50. ]), size=array([1., 1.]), units='pix', vertices=ndarray(...), win=Window(...))
23.2351 	EXP 	Created unnamed TextStim = TextStim(__class__=<class 'psychopy.visual.text.TextStim'>, alignHoriz='center', alignVert='center', antialias=True, autoLog=True, bold=False, color='black', colorSpace='named', contrast=1.0, depth=0, flipHoriz=False, flipVert=False, font='Arial', fontFiles=[], height=32, italic=False, languageStyle='LTR', name='unnamed TextStim', opacity=1.0, ori=0.0, pos=array([297., -50.]), rgb=array([0., 0., 0.]), text='KASZA', units='pix', win=Window(...), wrapWidth=500)
23.2357 	EXP 	Created unnamed Rect = Rect(__class__=<class 'psychopy.visual.rect.Rect'>, autoDraw=False, autoLog=True, closeShape=True, color=method-wrapper(...), colorSpace=None, contrast=1.0, depth=0, fillColor=None, fillColorSpace='rgb', fillRGB=None, interpolate=True, lineColor='black', lineColorSpace='named', lineRGB=array([0., 0., 0.]), lineWidth=2, name='unnamed Rect', opacity=1.0, ori=array(0.), pos=array([297., -50.]), size=array([1., 1.]), units='pix', vertices=ndarray(...), win=Window(...))
23.2379 	DATA 	Mouse:  Left button up, pos=(677,483)
23.2406 	EXP 	unnamed TextStim: autoDraw = True
23.2406 	EXP 	unnamed TextStim: autoDraw = True
23.2406 	EXP 	unnamed TextStim: autoDraw = True
23.2406 	EXP 	unnamed TextStim: autoDraw = True
23.2406 	EXP 	unnamed TextStim: autoDraw = True
23.2406 	EXP 	unnamed TextStim: autoDraw = True
28.2648 	EXP 	unnamed ImageStim: autoDraw = False
28.2648 	EXP 	unnamed TextStim: autoDraw = False
28.2648 	EXP 	unnamed TextStim: autoDraw = False
28.2648 	EXP 	unnamed TextStim: autoDraw = False
28.2648 	EXP 	unnamed TextStim: autoDraw = False
28.2648 	EXP 	unnamed TextStim: autoDraw = False
28.2648 	EXP 	unnamed TextStim: autoDraw = False
30.2732 	EXP 	Created unnamed TextStim = TextStim(__class__=<class 'psychopy.visual.text.TextStim'>, alignHoriz='center', alignVert='center', antialias=True, autoLog=True, bold=False, color='black', colorSpace='named', contrast=1.0, depth=0, flipHoriz=False, flipVert=False, font='Arial', fontFiles=[], height=32, italic=False, languageStyle='LTR', name='unnamed TextStim', opacity=1.0, ori=0.0, pos=array([  0., 200.]), rgb=array([0., 0., 0.]), text='EWELINA', units='pix', win=Window(...), wrapWidth=500)
30.2763 	EXP 	Created unnamed TextStim = TextStim(__class__=<class 'psychopy.visual.text.TextStim'>, alignHoriz='center', alignVert='center', antialias=True, autoLog=True, bold=False, color=array([1., 1., 1.]), colorSpace='rgb', contrast=1.0, depth=0, flipHoriz=False, flipVert=False, font='Arial', fontFiles=[], height=32, italic=False, languageStyle='LTR', name='unnamed TextStim', opacity=1.0, ori=0.0, pos=array([0., 0.]), rgb=array([1., 1., 1.]), text='SEKWOJA', units='pix', win=Window(...), wrapWidth=500)
30.2793 	EXP 	Created unnamed TextStim = TextStim(__class__=<class 'psychopy.visual.text.TextStim'>, alignHoriz='center', alignVert='center', antialias=True, autoLog=True, bold=False, color=array([1., 1., 1.]), colorSpace='rgb', contrast=1.0, depth=0, flipHoriz=False, flipVert=False, font='Arial', fontFiles=[], height=32, italic=False, languageStyle='LTR', name='unnamed TextStim', opacity=1.0, ori=0.0, pos=array([0., 0.]), rgb=array([1., 1., 1.]), text='MAŁPA', units='pix', win=Window(...), wrapWidth=500)
30.2815 	EXP 	Created unnamed TextStim = TextStim(__class__=<class 'psychopy.visual.text.TextStim'>, alignHoriz='center', alignVert='center', antialias=True, autoLog=True, bold=False, color=array([1., 1., 1.]), colorSpace='rgb', contrast=1.0, depth=0, flipHoriz=False, flipVert=False, font='Arial', fontFiles=[], height=32, italic=False, languageStyle='LTR', name='unnamed TextStim', opacity=1.0, ori=0.0, pos=array([0., 0.]), rgb=array([1., 1., 1.]), text='TORT', units='pix', win=Window(...), wrapWidth=500)
30.2844 	EXP 	Created unnamed TextStim = TextStim(__class__=<class 'psychopy.visual.text.TextStim'>, alignHoriz='center', alignVert='center', antialias=True, autoLog=True, bold=False, color=array([1., 1., 1.]), colorSpace='rgb', contrast=1.0, depth=0, flipHoriz=False, flipVert=False, font='Arial', fontFiles=[], height=32, italic=False, languageStyle='LTR', name='unnamed TextStim', opacity=1.0, ori=0.0, pos=array([0., 0.]), rgb=array([1., 1., 1.]), text='ALICJA', units='pix', win=Window(...), wrapWidth=500)
30.2874 	EXP 	Created unnamed TextStim = TextStim(__class__=<class 'psychopy.visual.text.TextStim'>, alignHoriz='center', alignVert='center', antialias=True, autoLog=True, bold=False, color='black', colorSpace='named', contrast=1.0, depth=0, flipHoriz=False, flipVert=False, font='Arial', fontFiles=[], height=32, italic=False, languageStyle='LTR', name='unnamed TextStim', opacity=1.0, ori=0.0, pos=array([-341.,  -50.]), rgb=array([0., 0., 0.]), text='SEKWOJA', units='pix', win=Window(...), wrapWidth=500)
30.2880 	EXP 	Created unnamed Rect = Rect(__class__=<class 'psychopy.visual.rect.Rect'>, autoDraw=False, autoLog=True, closeShape=True, color=method-wrapper(...), colorSpace=None, contrast=1.0, depth=0, fillColor=None, fillColorSpace='rgb', fillRGB=None, interpolate=True, lineColor='black', lineColorSpace='named', lineRGB=array([0., 0., 0.]), lineWidth=2, name='unnamed Rect', opacity=1.0, ori=array(0.), pos=array([-341.,  -50.]), size=array([1., 1.]), units='pix', vertices=ndarray(...), win=Window(...))
30.2906 	EXP 	Created unnamed TextStim = TextStim(__class__=<class 'psychopy.visual.text.TextStim'>, alignHoriz='center', alignVert='center', antialias=True, autoLog=True, bold=False, color='black', colorSpace='named', contrast=1.0, depth=0, flipHoriz=False, flipVert=False, font='Arial', fontFiles=[], height=32, italic=False, languageStyle='LTR', name='unnamed TextStim', opacity=1.0, ori=0.0, pos=array([-105.5,  -50. ]), rgb=array([0., 0., 0.]), text='MAŁPA', units='pix', win=Window(...), wrapWidth=500)
30.2912 	EXP 	Created unnamed Rect = Rect(__class__=<class 'psychopy.visual.rect.Rect'>, autoDraw=False, autoLog=True, closeShape=True, color=method-wrapper(...), colorSpace=None, contrast=1.0, depth=0, fillColor=None, fillColorSpace='rgb', fillRGB=None, interpolate=True, lineColor='black', lineColorSpace='named', lineRGB=array([0., 0., 0.]), lineWidth=2, name='unnamed Rect', opacity=1.0, ori=array(0.), pos=array([-105.5,  -50. ]), size=array([1., 1.]), units='pix', vertices=ndarray(...), win=Window(...))
30.2934 	EXP 	Created unnamed TextStim = TextStim(__class__=<class 'psychopy.visual.text.TextStim'>, alignHoriz='center', alignVert='center', antialias=True, autoLog=True, bold=False, color='black', colorSpace='named', contrast=1.0, depth=0, flipHoriz=False, flipVert=False, font='Arial', fontFiles=[], height=32, italic=False, languageStyle='LTR', name='unnamed TextStim', opacity=1.0, ori=0.0, pos=array([ 94.5, -50. ]), rgb=array([0., 0., 0.]), text='TORT', units='pix', win=Window(...), wrapWidth=500)
30.2940 	EXP 	Created unnamed Rect = Rect(__class__=<class 'psychopy.visual.rect.Rect'>, autoDraw=False, autoLog=True, closeShape=True, color=method-wrapper(...), colorSpace=None, contrast=1.0, depth=0, fillColor=None, fillColorSpace='rgb', fillRGB=None, interpolate=True, lineColor='black', lineColorSpace='named', lineRGB=array([0., 0., 0.]), lineWidth=2, name='unnamed Rect', opacity=1.0, ori=array(0.), pos=array([ 94.5, -50. ]), size=array([1., 1.]), units='pix', vertices=ndarray(...), win=Window(...))
30.2968 	EXP 	Created unnamed TextStim = TextStim(__class__=<class 'psychopy.visual.text.TextStim'>, alignHoriz='center', alignVert='center', antialias=True, autoLog=True, bold=False, color='black', colorSpace='named', contrast=1.0, depth=0, flipHoriz=False, flipVert=False, font='Arial', fontFiles=[], height=32, italic=False, languageStyle='LTR', name='unnamed TextStim', opacity=1.0, ori=0.0, pos=array([294.5, -50. ]), rgb=array([0., 0., 0.]), text='ALICJA', units='pix', win=Window(...), wrapWidth=500)
30.2974 	EXP 	Created unnamed Rect = Rect(__class__=<class 'psychopy.visual.rect.Rect'>, autoDraw=False, autoLog=True, closeShape=True, color=method-wrapper(...), colorSpace=None, contrast=1.0, depth=0, fillColor=None, fillColorSpace='rgb', fillRGB=None, interpolate=True, lineColor='black', lineColorSpace='named', lineRGB=array([0., 0., 0.]), lineWidth=2, name='unnamed Rect', opacity=1.0, ori=array(0.), pos=array([294.5, -50. ]), size=array([1., 1.]), units='pix', vertices=ndarray(...), win=Window(...))
30.3024 	EXP 	unnamed TextStim: autoDraw = True
30.3024 	EXP 	unnamed TextStim: autoDraw = True
30.3024 	EXP 	unnamed TextStim: autoDraw = True
30.3024 	EXP 	unnamed TextStim: autoDraw = True
30.3024 	EXP 	unnamed TextStim: autoDraw = True
30.3024 	EXP 	unnamed TextStim: autoDraw = True
33.7476 	DATA 	Mouse: Left button down, pos=(1250,493)
33.7810 	EXP 	unnamed ImageStim: autoDraw = False
33.7810 	EXP 	unnamed TextStim: autoDraw = False
33.7810 	EXP 	unnamed TextStim: autoDraw = False
33.7810 	EXP 	unnamed TextStim: autoDraw = False
33.7810 	EXP 	unnamed TextStim: autoDraw = False
33.7810 	EXP 	unnamed TextStim: autoDraw = False
33.7810 	EXP 	unnamed TextStim: autoDraw = False
35.7868 	EXP 	Created unnamed TextStim = TextStim(__class__=<class 'psychopy.visual.text.TextStim'>, alignHoriz='center', alignVert='center', antialias=True, autoLog=True, bold=False, color='black', colorSpace='named', contrast=1.0, depth=0, flipHoriz=False, flipVert=False, font='Arial', fontFiles=[], height=32, italic=False, languageStyle='LTR', name='unnamed TextStim', opacity=1.0, ori=0.0, pos=array([  0., 200.]), rgb=array([0., 0., 0.]), text='PAULINA', units='pix', win=Window(...), wrapWidth=500)
35.7900 	EXP 	Created unnamed TextStim = TextStim(__class__=<class 'psychopy.visual.text.TextStim'>, alignHoriz='center', alignVert='center', antialias=True, autoLog=True, bold=False, color=array([1., 1., 1.]), colorSpace='rgb', contrast=1.0, depth=0, flipHoriz=False, flipVert=False, font='Arial', fontFiles=[], height=32, italic=False, languageStyle='LTR', name='unnamed TextStim', opacity=1.0, ori=0.0, pos=array([0., 0.]), rgb=array([1., 1., 1.]), text='BRZESKO', units='pix', win=Window(...), wrapWidth=500)
35.7933 	EXP 	Created unnamed TextStim = TextStim(__class__=<class 'psychopy.visual.text.TextStim'>, alignHoriz='center', alignVert='center', antialias=True, autoLog=True, bold=False, color=array([1., 1., 1.]), colorSpace='rgb', contrast=1.0, depth=0, flipHoriz=False, flipVert=False, font='Arial', fontFiles=[], height=32, italic=False, languageStyle='LTR', name='unnamed TextStim', opacity=1.0, ori=0.0, pos=array([0., 0.]), rgb=array([1., 1., 1.]), text='SZCZUR', units='pix', win=Window(...), wrapWidth=500)
35.7987 	EXP 	Created unnamed TextStim = TextStim(__class__=<class 'psychopy.visual.text.TextStim'>, alignHoriz='center', alignVert='center', antialias=True, autoLog=True, bold=False, color=array([1., 1., 1.]), colorSpace='rgb', contrast=1.0, depth=0, flipHoriz=False, flipVert=False, font='Arial', fontFiles=[], height=32, italic=False, languageStyle='LTR', name='unnamed TextStim', opacity=1.0, ori=0.0, pos=array([0., 0.]), rgb=array([1., 1., 1.]), text='DEREŃ', units='pix', win=Window(...), wrapWidth=500)
35.8013 	EXP 	Created unnamed TextStim = TextStim(__class__=<class 'psychopy.visual.text.TextStim'>, alignHoriz='center', alignVert='center', antialias=True, autoLog=True, bold=False, color=array([1., 1., 1.]), colorSpace='rgb', contrast=1.0, depth=0, flipHoriz=False, flipVert=False, font='Arial', fontFiles=[], height=32, italic=False, languageStyle='LTR', name='unnamed TextStim', opacity=1.0, ori=0.0, pos=array([0., 0.]), rgb=array([1., 1., 1.]), text='DŻEM', units='pix', win=Window(...), wrapWidth=500)
35.8041 	EXP 	Created unnamed TextStim = TextStim(__class__=<class 'psychopy.visual.text.TextStim'>, alignHoriz='center', alignVert='center', antialias=True, autoLog=True, bold=False, color='black', colorSpace='named', contrast=1.0, depth=0, flipHoriz=False, flipVert=False, font='Arial', fontFiles=[], height=32, italic=False, languageStyle='LTR', name='unnamed TextStim', opacity=1.0, ori=0.0, pos=array([-362.5,  -50. ]), rgb=array([0., 0., 0.]), text='BRZESKO', units='pix', win=Window(...), wrapWidth=500)
35.8048 	EXP 	Created unnamed Rect = Rect(__class__=<class 'psychopy.visual.rect.Rect'>, autoDraw=False, autoLog=True, closeShape=True, color=method-wrapper(...), colorSpace=None, contrast=1.0, depth=0, fillColor=None, fillColorSpace='rgb', fillRGB=None, interpolate=True, lineColor='black', lineColorSpace='named', lineRGB=array([0., 0., 0.]), lineWidth=2, name='unnamed Rect', opacity=1.0, ori=array(0.), pos=array([-362.5,  -50. ]), size=array([1., 1.]), units='pix', vertices=ndarray(...), win=Window(...))
35.8075 	EXP 	Created unnamed TextStim = TextStim(__class__=<class 'psychopy.visual.text.TextStim'>, alignHoriz='center', alignVert='center', antialias=True, autoLog=True, bold=False, color='black', colorSpace='named', contrast=1.0, depth=0, flipHoriz=False, flipVert=False, font='Arial', fontFiles=[], height=32, italic=False, languageStyle='LTR', name='unnamed TextStim', opacity=1.0, ori=0.0, pos=array([-117.,  -50.]), rgb=array([0., 0., 0.]), text='SZCZUR', units='pix', win=Window(...), wrapWidth=500)
35.8081 	EXP 	Created unnamed Rect = Rect(__class__=<class 'psychopy.visual.rect.Rect'>, autoDraw=False, autoLog=True, closeShape=True, color=method-wrapper(...), colorSpace=None, contrast=1.0, depth=0, fillColor=None, fillColorSpace='rgb', fillRGB=None, interpolate=True, lineColor='black', lineColorSpace='named', lineRGB=array([0., 0., 0.]), lineWidth=2, name='unnamed Rect', opacity=1.0, ori=array(0.), pos=array([-117.,  -50.]), size=array([1., 1.]), units='pix', vertices=ndarray(...), win=Window(...))
35.8112 	EXP 	Created unnamed TextStim = TextStim(__class__=<class 'psychopy.visual.text.TextStim'>, alignHoriz='center', alignVert='center', antialias=True, autoLog=True, bold=False, color='black', colorSpace='named', contrast=1.0, depth=0, flipHoriz=False, flipVert=False, font='Arial', fontFiles=[], height=32, italic=False, languageStyle='LTR', name='unnamed TextStim', opacity=1.0, ori=0.0, pos=array([108., -50.]), rgb=array([0., 0., 0.]), text='DEREŃ', units='pix', win=Window(...), wrapWidth=500)
35.8118 	EXP 	Created unnamed Rect = Rect(__class__=<class 'psychopy.visual.rect.Rect'>, autoDraw=False, autoLog=True, closeShape=True, color=method-wrapper(...), colorSpace=None, contrast=1.0, depth=0, fillColor=None, fillColorSpace='rgb', fillRGB=None, interpolate=True, lineColor='black', lineColorSpace='named', lineRGB=array([0., 0., 0.]), lineWidth=2, name='unnamed Rect', opacity=1.0, ori=array(0.), pos=array([108., -50.]), size=array([1., 1.]), units='pix', vertices=ndarray(...), win=Window(...))
35.8141 	EXP 	Created unnamed TextStim = TextStim(__class__=<class 'psychopy.visual.text.TextStim'>, alignHoriz='center', alignVert='center', antialias=True, autoLog=True, bold=False, color='black', colorSpace='named', contrast=1.0, depth=0, flipHoriz=False, flipVert=False, font='Arial', fontFiles=[], height=32, italic=False, languageStyle='LTR', name='unnamed TextStim', opacity=1.0, ori=0.0, pos=array([312.5, -50. ]), rgb=array([0., 0., 0.]), text='DŻEM', units='pix', win=Window(...), wrapWidth=500)
35.8147 	EXP 	Created unnamed Rect = Rect(__class__=<class 'psychopy.visual.rect.Rect'>, autoDraw=False, autoLog=True, closeShape=True, color=method-wrapper(...), colorSpace=None, contrast=1.0, depth=0, fillColor=None, fillColorSpace='rgb', fillRGB=None, interpolate=True, lineColor='black', lineColorSpace='named', lineRGB=array([0., 0., 0.]), lineWidth=2, name='unnamed Rect', opacity=1.0, ori=array(0.), pos=array([312.5, -50. ]), size=array([1., 1.]), units='pix', vertices=ndarray(...), win=Window(...))
35.8169 	DATA 	Mouse:  Left button up, pos=(1250,493)
35.8194 	EXP 	unnamed TextStim: autoDraw = True
35.8194 	EXP 	unnamed TextStim: autoDraw = True
35.8194 	EXP 	unnamed TextStim: autoDraw = True
35.8194 	EXP 	unnamed TextStim: autoDraw = True
35.8194 	EXP 	unnamed TextStim: autoDraw = True
35.8194 	EXP 	unnamed TextStim: autoDraw = True
36.9630 	DATA 	Mouse: Left button down, pos=(783,480)
36.9959 	EXP 	unnamed ImageStim: autoDraw = False
36.9959 	EXP 	unnamed TextStim: autoDraw = False
36.9959 	EXP 	unnamed TextStim: autoDraw = False
36.9959 	EXP 	unnamed TextStim: autoDraw = False
36.9959 	EXP 	unnamed TextStim: autoDraw = False
36.9959 	EXP 	unnamed TextStim: autoDraw = False
36.9959 	EXP 	unnamed TextStim: autoDraw = False
39.0273 	EXP 	window1: mouseVisible = True
